Arguments: 
  /snap/node/7026/bin/node /snap/node/7026/bin/yarn.js global dir

PATH: 
  /home/manuel/.local/bin:/usr/local/sbin:/usr/local/bin:/usr/sbin:/usr/bin:/sbin:/bin:/usr/games:/usr/local/games:/snap/bin:/home/manuel/.dotnet/tools

Yarn version: 
  1.22.19

Node version: 
  14.21.2

Platform: 
  linux x64

Trace: 
  Error: EACCES: permission denied, write
      at writeSync (fs.js:737:3)
      at SyncWriteStream._write (internal/fs/sync_write_stream.js:24:3)
      at writeOrBuffer (internal/streams/writable.js:358:12)
      at SyncWriteStream.Writable.write (internal/streams/writable.js:303:10)
      at ConsoleReporter._log (/snap/node/7026/lib/cli.js:92833:17)
      at ConsoleReporter.log (/snap/node/7026/lib/cli.js:92821:10)
      at dir (/snap/node/7026/lib/cli.js:36307:14)
      at Object.<anonymous> (/snap/node/7026/lib/cli.js:25987:25)
      at Generator.next (<anonymous>)
      at step (/snap/node/7026/lib/cli.js:310:30)

npm manifest: 
  No manifest

yarn manifest: 
  No manifest

Lockfile: 
  No lockfile
